<?xml version="1.0" encoding="UTF-8"?>
<testsuite name="io.kardamom.sealer.cluster.ClusterNodeTest" tests="6" skipped="0" failures="0" errors="0" timestamp="2026-06-22T06:22:40" hostname="Ubuntu-2404-noble-amd64-base" time="0.032">
  <properties/>
  <testcase name="memberIdForNodeIpThrowsOnNullOrEmptyNodeIp()" classname="io.kardamom.sealer.cluster.ClusterNodeTest" time="0.012"/>
  <testcase name="memberEndpointsThrowsOnUnknownId()" classname="io.kardamom.sealer.cluster.ClusterNodeTest" time="0.006"/>
  <testcase name="memberEndpointsReturnsTheFiveEndpointsForEachId()" classname="io.kardamom.sealer.cluster.ClusterNodeTest" time="0.001"/>
  <testcase name="memberEndpointsThrowsOnMalformedEntry()" classname="io.kardamom.sealer.cluster.ClusterNodeTest" time="0.001"/>
  <testcase name="memberIdForNodeIpResolvesEachNodeIp()" classname="io.kardamom.sealer.cluster.ClusterNodeTest" time="0.002"/>
  <testcase name="memberIdForNodeIpThrowsOnUnknownIp()" classname="io.kardamom.sealer.cluster.ClusterNodeTest" time="0.003"/>
  <system-out><![CDATA[]]></system-out>
  <system-err><![CDATA[]]></system-err>
</testsuite>
