<?xml version="1.0" encoding="UTF-8"?>
<testsuite name="io.kardamom.sealer.CanonicalSealerStateTest" tests="10" skipped="0" failures="0" errors="0" timestamp="2026-06-21T23:50:12" hostname="Ubuntu-2404-noble-amd64-base" time="0.031">
  <properties/>
  <testcase name="snapshot_preserves_block_and_count()" classname="io.kardamom.sealer.CanonicalSealerStateTest" time="0.016"/>
  <testcase name="count_matches_deduped_records()" classname="io.kardamom.sealer.CanonicalSealerStateTest" time="0.003"/>
  <testcase name="determinism_same_inputs_same_egress()" classname="io.kardamom.sealer.CanonicalSealerStateTest" time="0.002"/>
  <testcase name="dedup_window_evicts_fifo()" classname="io.kardamom.sealer.CanonicalSealerStateTest" time="0.001"/>
  <testcase name="snapshot_roundtrip_preserves_state()" classname="io.kardamom.sealer.CanonicalSealerStateTest" time="0.001"/>
  <testcase name="boundary_stamps_current_count()" classname="io.kardamom.sealer.CanonicalSealerStateTest" time="0.001"/>
  <testcase name="l2_timestamp_floored_to_interval()" classname="io.kardamom.sealer.CanonicalSealerStateTest" time="0.001"/>
  <testcase name="boundary_block_number_monotonic()" classname="io.kardamom.sealer.CanonicalSealerStateTest" time="0.001"/>
  <testcase name="dedup_first_seen_only_relays_once()" classname="io.kardamom.sealer.CanonicalSealerStateTest" time="0.001"/>
  <testcase name="payload_relayed_opaque()" classname="io.kardamom.sealer.CanonicalSealerStateTest" time="0.001"/>
  <system-out><![CDATA[]]></system-out>
  <system-err><![CDATA[]]></system-err>
</testsuite>
